C:\Users\x789997\Python35-32\python.exe C:/Users/x789997/workspace/python/puzzle/solver.py
Solution initialized at 2015-12-11 18:16:48.502555
Generated all possibles from rules in 1.703 sec
░░░░░░░░░░░░░░░░░░░░░░░░░
░░░░░░░░░░░░░░░░░░░░░░░░░
░░░░░░░░░░░░░░░░░░░░░░░░░
░░░██░░░░░░░██░░░░░░░█░░░
░░░░░░░░░░░░░░░░░░░░░░░░░
░░░░░░░░░░░░░░░░░░░░░░░░░
░░░░░░░░░░░░░░░░░░░░░░░░░
░░░░░░░░░░░░░░░░░░░░░░░░░
░░░░░░██░░█░░░██░░█░░░░░░
░░░░░░░░░░░░░░░░░░░░░░░░░
░░░░░░░░░░░░░░░░░░░░░░░░░
░░░░░░░░░░░░░░░░░░░░░░░░░
░░░░░░░░░░░░░░░░░░░░░░░░░
░░░░░░░░░░░░░░░░░░░░░░░░░
░░░░░░░░░░░░░░░░░░░░░░░░░
░░░░░░░░░░░░░░░░░░░░░░░░░
░░░░░░█░░░░█░░░░█░░░█░░░░
░░░░░░░░░░░░░░░░░░░░░░░░░
░░░░░░░░░░░░░░░░░░░░░░░░░
░░░░░░░░░░░░░░░░░░░░░░░░░
░░░░░░░░░░░░░░░░░░░░░░░░░
░░░██░░░░██░░░░█░░░░██░░░
░░░░░░░░░░░░░░░░░░░░░░░░░
░░░░░░░░░░░░░░░░░░░░░░░░░
░░░░░░░░░░░░░░░░░░░░░░░░░
Iteration 1, Time elapsed (sec): 1.703
Total possible rows filtered out this iterations: 12626
Total certainties applied: 155
░░█████░░░█░░░░░█░█████░░
░░░░░░█░░░░░░░░░░░░░░░░░░
░░█░░░█░░░░░░░░░█░░░░░░░░
█░███░█░░░░██████░█░██░░░
█░███░█░░████░░██░█░██░░░
█░░░░░█░░░░░░░░░░░█░░░░░█
███████░█░█░█░█░█░███████
░░░░░░░░░░░░░░░░█░░░░░░░░
░░██░░██░░█░█░███░█░░░░█░
░░█░░░░░░░░░░░░░░░░░░░░░░
░░█░░░█░░░░░░█░░█░░░░░░░░
░░░░░░░░░░░░░█░░█░░░░░░░░
░░██░░█░█░░░░░░░░░░░░░░░░
░░░██░░░█░░░░████░█░░░░░░
░░██░░█████░░░░░░░░░░░░░░
░░█░░░░░█░░░░░░░█░░░░░░░░
░░█░░░█░█░░█░░░░█░░░█░░░░
░░░░░░░░█░░░░░░░█░░░█░░█░
█░█████░░░░░░░░░█░░░█░░█░
█░░░░░█░░░░░█░░░█░░░░░░░░
█░██░░█░░░░░██░░█░░░░░░░░
█░███░█░███░██████████░██
░░█░█░█░░░░░█████░░████░░
░░░░░░█░░░░░░░░░░░░░░░░░░
░░█░███░░░░░░░░░█░░░█░░░░
Iteration 2, Time elapsed (sec): 1.721
Total possible rows filtered out this iterations: 113492
Total certainties applied: 81
░░█████░░░█░░░█░█░█████░░
░░░░░░█░██░░░░░░░░█░░░░░░
█░███░█░░░░░░░█░█░█░██░░░
█░███░█░░░░██████░█░███░█
█░███░█░░████░░██░█░███░█
█░░░░░█░░░█░░░░░░░█░░░░░█
███████░█░█░█░█░█░███████
░░░░░░░░░░█░░░█░█░░░░░░░░
█░██░░██░░█░█░███░█░░░░█░
░░█░░░░░░░█░░██░░░░░░░░█░
░███░░█░░░█░░█░░█░░░░░░░░
░█░░░░░░░░░█░█░░█░█░░░░█░
░░██░░█░█░░░░░░░░██░░░░█░
░░░██░░██░██░██████░███░█
█░█████████░░░░░░█░░░░░█░
░██░█░░██░░░░░░██░░░░░░█░
░██░█░█░█░░█░░░░█░░░█░░░░
░░░░░░░░█░░░░░░██░░░████░
███████░░░░░░░░░█░░░█░███
█░░░░░█░░░░░█░░██░░░█░░█░
█░███░█░░░░███░░█████░░█░
█░███░█░███░██████████░██
█░███░█░█░░░█████░██████░
░░░░░░█░░░░░░░░░░░░░░░█░░
░░█████░█░░░░█░██░░░█░██░
Iteration 3, Time elapsed (sec): 1.748
Total possible rows filtered out this iterations: 14321
Total certainties applied: 48
█░█████░███░░░█░█░█████░█
█░░░░░█░██░░█░░░░░█░░░░░█
█░███░█░░░░░███░█░█░███░█
█░███░█░░░░██████░█░███░█
█░███░█░░████░░██░█░███░█
█░░░░░█░░░█░░░░░░░█░░░░░█
███████░█░█░█░█░█░███████
░░░░░░░░███░░░███░░░░░░░░
█░██░░██░░█░█░███░█░░░░██
█░█░░░░░░░█░░██░░░░░░░░█░
░███░░█░░███░██░█░░░░░█░░
░█░█░░░░░░░█░█░████░░░███
░░██░░█░█░░░░░░░░██░█████
░░░███░██░██░██████░███░█
█░█████████░█░░░░█░░░░░█░
░██░█░░██░░░█░░██░░░░░░█░
███░█░█░█░░█░░░░██░░█░█░░
░░░░░░░░█░░░░░░██░░░█████
███████░█░░░█░░░█░█░█░███
█░░░░░█░░░░░█░░██░░░█░░█░
█░███░█░░░░███░░█████░░█░
█░███░█░███░██████████░██
█░███░█░█░░██████░██████░
█░░░░░█░░█░░░░░░░█░░░██░░
█░█████░██░░░█░██░░░█████
Iteration 4, Time elapsed (sec): 1.755
Total possible rows filtered out this iterations: 2585
Total certainties applied: 22
███████░███░░░█░█░███████
█░░░░░█░██░██░░░░░█░░░░░█
█░███░█░░░░░███░█░█░███░█
█░███░█░░░░██████░█░███░█
█░███░█░░████░░██░█░███░█
█░░░░░█░░░█░░░░░░░█░░░░░█
███████░█░█░█░█░█░███████
░░░░░░░░███░░░███░░░░░░░░
█░██░░██░░█░█░███░█░░█░██
█░█░░░░░░███░██░░░░░░░░█░
░████░█░████░██░█░░░░██░░
░█░█░░░█░░░█░█░████░█░███
░░██░░█░█░█░░░░░░██░█████
░░░███░██░██░██████░███░█
█░█████████░█░░░░██░░░░█░
░██░█░░██░░░██░███░░░░░█░
███░█░█░█░░█░░░░█████░█░░
░░░░░░░░█░░░░░░██░░░█████
███████░█░░██░░░█░█░█░███
█░░░░░█░░░░░█░░██░░░██░█░
█░███░█░░░████░░█████░░█░
█░███░█░███░██████████░██
█░███░█░█░░██████░██████░
█░░░░░█░░██░░░░░░█░░░██░░
███████░██░░░█░██░░░█████
Iteration 5, Time elapsed (sec): 1.757
Total possible rows filtered out this iterations: 57
Total certainties applied: 7
███████░███░░░█░█░███████
█░░░░░█░██░██░░░░░█░░░░░█
█░███░█░░░░░███░█░█░███░█
█░███░█░░░░██████░█░███░█
█░███░█░░█████░██░█░███░█
█░░░░░█░░░█░░░░░░░█░░░░░█
███████░█░█░█░█░█░███████
░░░░░░░░███░░░███░░░░░░░░
█░██░███░░█░█░███░█░░█░██
█░█░░░░░░███░██░░░░█░░░█░
░████░█░████░██░█░░░░██░░
░█░█░░░█░░░█░█░████░█░███
░░██░░█░█░█░░░░░░██░█████
░░░███░██░██░██████░███░█
█░█████████░█░█░░██░░░░█░
░██░█░░██░░░██░███░░░░░█░
███░█░█░█░░█░░░░█████░█░░
░░░░░░░░█░░░░█░██░░░█████
███████░█░░██░░░█░█░█░███
█░░░░░█░█░░░█░░██░░░██░█░
█░███░█░░░████░░█████░░█░
█░███░█░███░██████████░██
█░███░█░█░░██████░██████░
█░░░░░█░░██░░░░░░█░█░██░░
███████░██░░░█░██░░░█████
Iteration 6, Time elapsed (sec): 1.759
Total possible rows filtered out this iterations: 33
Total certainties applied: 3
███████░███░░░█░█░███████
█░░░░░█░██░██░░░░░█░░░░░█
█░███░█░░░░░███░█░█░███░█
█░███░█░█░░██████░█░███░█
█░███░█░░█████░██░█░███░█
█░░░░░█░░░█░░░░░░░█░░░░░█
███████░█░█░█░█░█░███████
░░░░░░░░███░░░███░░░░░░░░
█░██░███░░█░█░███░█░░█░██
█░█░░░░░░███░██░░░░█░░░█░
░████░█░████░██░█░░░░██░░
░█░█░░░█░░░█░█░████░█░███
░░██░░█░█░█░░░░░░██░█████
░░░███░██░██░██████░███░█
█░█████████░█░█░░██░░░░█░
░██░█░░██░░░██░███░░░░░█░
███░█░█░█░░█░░░░█████░█░░
░░░░░░░░█░░░██░██░░░█████
███████░█░░██░░░█░█░█░███
█░░░░░█░██░░█░░██░░░██░█░
█░███░█░░░████░░█████░░█░
█░███░█░███░██████████░██
█░███░█░█░░██████░██████░
█░░░░░█░░██░░░░░░█░█░██░░
███████░██░░░█░██░░░█████
Iteration 7, Time elapsed (sec): 1.760
Total possible rows filtered out this iterations: 1
Total certainties applied: 1
███████░███░░░█░█░███████
█░░░░░█░██░██░░░░░█░░░░░█
█░███░█░░░░░███░█░█░███░█
█░███░█░█░░██████░█░███░█
█░███░█░░█████░██░█░███░█
█░░░░░█░░██░░░░░░░█░░░░░█
███████░█░█░█░█░█░███████
░░░░░░░░███░░░███░░░░░░░░
█░██░███░░█░█░███░█░░█░██
█░█░░░░░░███░██░░░░█░░░█░
░████░█░████░██░█░░░░██░░
░█░█░░░█░░░█░█░████░█░███
░░██░░█░█░█░░░░░░██░█████
░░░███░██░██░██████░███░█
█░█████████░█░█░░██░░░░█░
░██░█░░██░░░██░███░░░░░█░
███░█░█░█░░█░░░░█████░█░░
░░░░░░░░█░░░██░██░░░█████
███████░█░░██░░░█░█░█░███
█░░░░░█░██░░█░░██░░░██░█░
█░███░█░░░████░░█████░░█░
█░███░█░███░██████████░██
█░███░█░█░░██████░██████░
█░░░░░█░░██░░░░░░█░█░██░░
███████░██░░░█░██░░░█████
Iteration 8, Time elapsed (sec): 1.760
Total possible rows filtered out this iterations: 1
Total certainties applied: 0
===== COMPLETE =====
███████░███░░░█░█░███████
█░░░░░█░██░██░░░░░█░░░░░█
█░███░█░░░░░███░█░█░███░█
█░███░█░█░░██████░█░███░█
█░███░█░░█████░██░█░███░█
█░░░░░█░░██░░░░░░░█░░░░░█
███████░█░█░█░█░█░███████
░░░░░░░░███░░░███░░░░░░░░
█░██░███░░█░█░███░█░░█░██
█░█░░░░░░███░██░░░░█░░░█░
░████░█░████░██░█░░░░██░░
░█░█░░░█░░░█░█░████░█░███
░░██░░█░█░█░░░░░░██░█████
░░░███░██░██░██████░███░█
█░█████████░█░█░░██░░░░█░
░██░█░░██░░░██░███░░░░░█░
███░█░█░█░░█░░░░█████░█░░
░░░░░░░░█░░░██░██░░░█████
███████░█░░██░░░█░█░█░███
█░░░░░█░██░░█░░██░░░██░█░
█░███░█░░░████░░█████░░█░
█░███░█░███░██████████░██
█░███░█░█░░██████░██████░
█░░░░░█░░██░░░░░░█░█░██░░
███████░██░░░█░██░░░█████
Iteration 8, Time elapsed (sec): 1.761

Process finished with exit code 0
